{"name": "test_ui_validation[chrome]", "status": "broken", "statusDetails": {"message": "selenium.common.exceptions.NoSuchElementException: Message: no such element: Unable to locate element: {\"method\":\"xpath\",\"selector\":\"//body/div[@id='__next']/div[2]/div[1]/div[2]/div[1]/div[2]/div[1]/div[2]/div[1]/div[1]/div[2]/label[1]/label[1]\"}\n  (Session info: chrome=128.0.6613.120); For documentation on this error, please visit: https://www.selenium.dev/documentation/webdriver/troubleshooting/errors#no-such-element-exception\nStacktrace:\n\tGetHandleVerifier [0x00007FF619289412+29090]\n\t(No symbol) [0x00007FF6191FE239]\n\t(No symbol) [0x00007FF6190BB1DA]\n\t(No symbol) [0x00007FF61910EFE7]\n\t(No symbol) [0x00007FF61910F23C]\n\t(No symbol) [0x00007FF6191597C7]\n\t(No symbol) [0x00007FF61913672F]\n\t(No symbol) [0x00007FF6191565A2]\n\t(No symbol) [0x00007FF619136493]\n\t(No symbol) [0x00007FF6191009D1]\n\t(No symbol) [0x00007FF619101B31]\n\tGetHandleVerifier [0x00007FF6195A871D+3302573]\n\tGetHandleVerifier [0x00007FF6195F4243+3612627]\n\tGetHandleVerifier [0x00007FF6195EA417+3572135]\n\tGetHandleVerifier [0x00007FF619345EB6+801862]\n\t(No symbol) [0x00007FF61920945F]\n\t(No symbol) [0x00007FF619204FB4]\n\t(No symbol) [0x00007FF619205140]\n\t(No symbol) [0x00007FF6191F461F]\n\tBaseThreadInitThunk [0x00007FFD0049257D+29]\n\tRtlUserThreadStart [0x00007FFD0216AF28+40]", "trace": "browser = <selenium.webdriver.chrome.webdriver.WebDriver (session=\"35d4e0a5c22bdd477eedee3d894ec6d4\")>\n\n    @allure.feature('UI Validation')\n    def test_ui_validation(browser):\n        browser.get('https://www.spyne.ai/image-upscaler/result')\n>       assert browser.find_element(By.XPATH, \"//body/div[@id='__next']/div[2]/div[1]/div[2]/div[1]/div[2]/div[1]/div[2]/div[1]/div[1]/div[2]/label[1]/label[1]\").is_displayed()   # Upload button\n\ntest_image_upscaler.py:89: \n_ _ _ _ _ _ _ _ _ _ _ _ _ _ _ _ _ _ _ _ _ _ _ _ _ _ _ _ _ _ _ _ _ _ _ _ _ _ _ _\n..\\.venv\\Lib\\site-packages\\selenium\\webdriver\\remote\\webdriver.py:748: in find_element\n    return self.execute(Command.FIND_ELEMENT, {\"using\": by, \"value\": value})[\"value\"]\n..\\.venv\\Lib\\site-packages\\selenium\\webdriver\\remote\\webdriver.py:354: in execute\n    self.error_handler.check_response(response)\n_ _ _ _ _ _ _ _ _ _ _ _ _ _ _ _ _ _ _ _ _ _ _ _ _ _ _ _ _ _ _ _ _ _ _ _ _ _ _ _\n\nself = <selenium.webdriver.remote.errorhandler.ErrorHandler object at 0x0000018519A42F30>\nresponse = {'status': 404, 'value': '{\"value\":{\"error\":\"no such element\",\"message\":\"no such element: Unable to locate element: {\\...07FF6191F461F]\\\\n\\\\tBaseThreadInitThunk [0x00007FFD0049257D+29]\\\\n\\\\tRtlUserThreadStart [0x00007FFD0216AF28+40]\\\\n\"}}'}\n\n    def check_response(self, response: Dict[str, Any]) -> None:\n        \"\"\"Checks that a JSON response from the WebDriver does not have an\n        error.\n    \n        :Args:\n         - response - The JSON response from the WebDriver server as a dictionary\n           object.\n    \n        :Raises: If the response contains an error message.\n        \"\"\"\n        status = response.get(\"status\", None)\n        if not status or status == ErrorCode.SUCCESS:\n            return\n        value = None\n        message = response.get(\"message\", \"\")\n        screen: str = response.get(\"screen\", \"\")\n        stacktrace = None\n        if isinstance(status, int):\n            value_json = response.get(\"value\", None)\n            if value_json and isinstance(value_json, str):\n                import json\n    \n                try:\n                    value = json.loads(value_json)\n                    if len(value) == 1:\n                        value = value[\"value\"]\n                    status = value.get(\"error\", None)\n                    if not status:\n                        status = value.get(\"status\", ErrorCode.UNKNOWN_ERROR)\n                        message = value.get(\"value\") or value.get(\"message\")\n                        if not isinstance(message, str):\n                            value = message\n                            message = message.get(\"message\")\n                    else:\n                        message = value.get(\"message\", None)\n                except ValueError:\n                    pass\n    \n        exception_class: Type[WebDriverException]\n        e = ErrorCode()\n        error_codes = [item for item in dir(e) if not item.startswith(\"__\")]\n        for error_code in error_codes:\n            error_info = getattr(ErrorCode, error_code)\n            if isinstance(error_info, list) and status in error_info:\n                exception_class = getattr(ExceptionMapping, error_code, WebDriverException)\n                break\n        else:\n            exception_class = WebDriverException\n    \n        if not value:\n            value = response[\"value\"]\n        if isinstance(value, str):\n            raise exception_class(value)\n        if message == \"\" and \"message\" in value:\n            message = value[\"message\"]\n    \n        screen = None  # type: ignore[assignment]\n        if \"screen\" in value:\n            screen = value[\"screen\"]\n    \n        stacktrace = None\n        st_value = value.get(\"stackTrace\") or value.get(\"stacktrace\")\n        if st_value:\n            if isinstance(st_value, str):\n                stacktrace = st_value.split(\"\\n\")\n            else:\n                stacktrace = []\n                try:\n                    for frame in st_value:\n                        line = frame.get(\"lineNumber\", \"\")\n                        file = frame.get(\"fileName\", \"<anonymous>\")\n                        if line:\n                            file = f\"{file}:{line}\"\n                        meth = frame.get(\"methodName\", \"<anonymous>\")\n                        if \"className\" in frame:\n                            meth = f\"{frame['className']}.{meth}\"\n                        msg = \"    at %s (%s)\"\n                        msg = msg % (meth, file)\n                        stacktrace.append(msg)\n                except TypeError:\n                    pass\n        if exception_class == UnexpectedAlertPresentException:\n            alert_text = None\n            if \"data\" in value:\n                alert_text = value[\"data\"].get(\"text\")\n            elif \"alert\" in value:\n                alert_text = value[\"alert\"].get(\"text\")\n            raise exception_class(message, screen, stacktrace, alert_text)  # type: ignore[call-arg]  # mypy is not smart enough here\n>       raise exception_class(message, screen, stacktrace)\nE       selenium.common.exceptions.NoSuchElementException: Message: no such element: Unable to locate element: {\"method\":\"xpath\",\"selector\":\"//body/div[@id='__next']/div[2]/div[1]/div[2]/div[1]/div[2]/div[1]/div[2]/div[1]/div[1]/div[2]/label[1]/label[1]\"}\nE         (Session info: chrome=128.0.6613.120); For documentation on this error, please visit: https://www.selenium.dev/documentation/webdriver/troubleshooting/errors#no-such-element-exception\nE       Stacktrace:\nE       \tGetHandleVerifier [0x00007FF619289412+29090]\nE       \t(No symbol) [0x00007FF6191FE239]\nE       \t(No symbol) [0x00007FF6190BB1DA]\nE       \t(No symbol) [0x00007FF61910EFE7]\nE       \t(No symbol) [0x00007FF61910F23C]\nE       \t(No symbol) [0x00007FF6191597C7]\nE       \t(No symbol) [0x00007FF61913672F]\nE       \t(No symbol) [0x00007FF6191565A2]\nE       \t(No symbol) [0x00007FF619136493]\nE       \t(No symbol) [0x00007FF6191009D1]\nE       \t(No symbol) [0x00007FF619101B31]\nE       \tGetHandleVerifier [0x00007FF6195A871D+3302573]\nE       \tGetHandleVerifier [0x00007FF6195F4243+3612627]\nE       \tGetHandleVerifier [0x00007FF6195EA417+3572135]\nE       \tGetHandleVerifier [0x00007FF619345EB6+801862]\nE       \t(No symbol) [0x00007FF61920945F]\nE       \t(No symbol) [0x00007FF619204FB4]\nE       \t(No symbol) [0x00007FF619205140]\nE       \t(No symbol) [0x00007FF6191F461F]\nE       \tBaseThreadInitThunk [0x00007FFD0049257D+29]\nE       \tRtlUserThreadStart [0x00007FFD0216AF28+40]\n\n..\\.venv\\Lib\\site-packages\\selenium\\webdriver\\remote\\errorhandler.py:229: NoSuchElementException"}, "parameters": [{"name": "browser", "value": "'chrome'"}], "start": 1726039983104, "stop": 1726039986807, "uuid": "baecbc6d-7e92-49b8-8885-594d3c5b8018", "historyId": "a35644001961c6f1e4f9a2e9db28eacb", "testCaseId": "31cc57f85c567b54235f33f47dd498f1", "fullName": "TestCases.test_image_upscaler#test_ui_validation", "labels": [{"name": "feature", "value": "UI Validation"}, {"name": "parentSuite", "value": "TestCases"}, {"name": "suite", "value": "test_image_upscaler"}, {"name": "host", "value": "Tarun"}, {"name": "thread", "value": "25932-MainThread"}, {"name": "framework", "value": "pytest"}, {"name": "language", "value": "cpython3"}, {"name": "package", "value": "TestCases.test_image_upscaler"}]}